<?xml version="1.0" encoding="UTF-8"?>
<!-- Generated by org.testng.reporters.JUnitReportReporter -->
<testsuite skipped="1" hostname="Lenovo" name="org.testsample.TestNG4" tests="5" failures="0" timestamp="27 Apr 2021 11:56:03 GMT" time="0.052" errors="0">
  <testcase name="tc03" time="0.010" classname="org.testsample.TestNG4"/>
  <testcase name="tc04" time="0.010" classname="org.testsample.TestNG4"/>
  <testcase name="tc02" time="0.016" classname="org.testsample.TestNG4"/>
  <testcase name="tc05" time="0.016" classname="org.testsample.TestNG4"/>
  <testcase name="tc01" classname="org.testsample.TestNG4">
    <skipped/>
  </testcase> <!-- tc01 -->
</testsuite> <!-- org.testsample.TestNG4 -->
