<?xml version="1.0" encoding="UTF-8"?>
<!-- Generated by org.testng.reporters.JUnitReportReporter -->
<testsuite skipped="1" hostname="Lenovo" name="org.testsample.TestNG" tests="5" failures="0" timestamp="28 Apr 2021 05:51:32 GMT" time="0.040" errors="0">
  <testcase name="tc03" time="0.017" classname="org.testsample.TestNG"/>
  <testcase name="tc04" time="0.009" classname="org.testsample.TestNG"/>
  <testcase name="tc02" time="0.009" classname="org.testsample.TestNG"/>
  <testcase name="tc05" time="0.005" classname="org.testsample.TestNG"/>
  <testcase name="tc01" classname="org.testsample.TestNG">
    <skipped/>
  </testcase> <!-- tc01 -->
</testsuite> <!-- org.testsample.TestNG -->
