<?xml version="1.0" encoding="UTF-8"?>
<!-- Generated by org.testng.reporters.JUnitReportReporter -->
<testsuite skipped="1" hostname="Lenovo" name="org.testsample.Testinng" tests="5" failures="0" timestamp="28 Apr 2021 05:53:01 GMT" time="0.080" errors="0">
  <testcase name="tc03" time="0.015" classname="org.testsample.Testinng"/>
  <testcase name="tc04" time="0.006" classname="org.testsample.Testinng"/>
  <testcase name="tc02" time="0.024" classname="org.testsample.Testinng"/>
  <testcase name="tc05" time="0.035" classname="org.testsample.Testinng"/>
  <testcase name="tc01" classname="org.testsample.Testinng">
    <skipped/>
  </testcase> <!-- tc01 -->
</testsuite> <!-- org.testsample.Testinng -->
