<?xml version="1.0" encoding="UTF-8"?>
<!-- Generated by org.testng.reporters.JUnitReportReporter -->
<testsuite skipped="1" hostname="Lenovo" name="org.testsample.TestNG2" tests="5" failures="0" timestamp="27 Apr 2021 11:56:03 GMT" time="0.103" errors="0">
  <testcase name="tc03" time="0.033" classname="org.testsample.TestNG2"/>
  <testcase name="tc04" time="0.051" classname="org.testsample.TestNG2"/>
  <testcase name="tc02" time="0.019" classname="org.testsample.TestNG2"/>
  <testcase name="tc05" time="0.000" classname="org.testsample.TestNG2"/>
  <testcase name="tc01" classname="org.testsample.TestNG2">
    <skipped/>
  </testcase> <!-- tc01 -->
</testsuite> <!-- org.testsample.TestNG2 -->
